2025-02-10 14:45:38,923 [ERROR] An error occurred:
Traceback (most recent call last):
  File "offline_run.py", line 38, in <module>
    execute_from_command_line(sys.argv)
  File "django\core\management\__init__.py", line 442, in execute_from_command_line
    utility.execute()
  File "django\core\management\__init__.py", line 436, in execute
    self.fetch_command(subcommand).run_from_argv(self.argv)
  File "django\core\management\base.py", line 413, in run_from_argv
    self.execute(*args, **cmd_options)
  File "django\core\management\commands\runserver.py", line 74, in execute
    super().execute(*args, **options)
  File "django\core\management\base.py", line 459, in execute
    output = self.handle(*args, **options)
             ^^^^^^^^^^^^^^^^^^^^^^^^^^^^^
  File "django\core\management\commands\runserver.py", line 111, in handle
    self.run(**options)
  File "django\core\management\commands\runserver.py", line 118, in run
    autoreload.run_with_reloader(self.inner_run, **options)
  File "django\utils\autoreload.py", line 673, in run_with_reloader
    exit_code = restart_with_reloader()
                ^^^^^^^^^^^^^^^^^^^^^^^
  File "PyInstaller\hooks\rthooks\pyi_rth_django.py", line 24, in _restart_with_reloader
  File "django\utils\autoreload.py", line 272, in restart_with_reloader
    args = get_child_arguments()
           ^^^^^^^^^^^^^^^^^^^^^
  File "django\utils\autoreload.py", line 259, in get_child_arguments
    raise RuntimeError("Script %s does not exist." % py_script)
RuntimeError: Script runserver does not exist.
2025-02-10 15:41:07,122 [INFO] Starting Django management command with args: ['C:\\Users\\bura\\Desktop\\cartella-cards\\prj\\New folder\\bingo\\dist\\manage.py', 'runserver']
2025-02-10 15:41:07,272 [ERROR] An error occurred during command execution:
Traceback (most recent call last):
  File "offline_run.py", line 43, in <module>
    execute_from_command_line(sys.argv)
  File "django\core\management\__init__.py", line 442, in execute_from_command_line
    utility.execute()
  File "django\core\management\__init__.py", line 436, in execute
    self.fetch_command(subcommand).run_from_argv(self.argv)
  File "django\core\management\base.py", line 413, in run_from_argv
    self.execute(*args, **cmd_options)
  File "django\core\management\commands\runserver.py", line 74, in execute
    super().execute(*args, **options)
  File "django\core\management\base.py", line 459, in execute
    output = self.handle(*args, **options)
             ^^^^^^^^^^^^^^^^^^^^^^^^^^^^^
  File "django\core\management\commands\runserver.py", line 111, in handle
    self.run(**options)
  File "django\core\management\commands\runserver.py", line 118, in run
    autoreload.run_with_reloader(self.inner_run, **options)
  File "django\utils\autoreload.py", line 673, in run_with_reloader
    exit_code = restart_with_reloader()
                ^^^^^^^^^^^^^^^^^^^^^^^
  File "PyInstaller\hooks\rthooks\pyi_rth_django.py", line 24, in _restart_with_reloader
  File "django\utils\autoreload.py", line 272, in restart_with_reloader
    args = get_child_arguments()
           ^^^^^^^^^^^^^^^^^^^^^
  File "django\utils\autoreload.py", line 259, in get_child_arguments
    raise RuntimeError("Script %s does not exist." % py_script)
RuntimeError: Script runserver does not exist.
